# JRE version: OpenJDK Runtime Environment (10.0.2+13) (build 10.0.2+13)
# Java VM: OpenJDK 64-Bit Server VM (10.0.2+13, mixed mode, tiered, compressed oops, g1 gc, bsd-amd64)
Heap:
 garbage-first heap   total 262144K, used 102160K [0x00000006c0000000, 0x00000007c0000000)
  region size 1024K, 5 young (5120K), 1 survivors (1024K)
 Metaspace       used 25790K, capacity 26165K, committed 27264K, reserved 1073152K
  class space    used 2702K, capacity 2882K, committed 3200K, reserved 1048576K
GC Heap History (10 events):
Event: 5475.959 GC heap before
{Heap before GC invocations=6 (full 0):
 garbage-first heap   total 262144K, used 166296K [0x00000006c0000000, 0x00000007c0000000)
  region size 1024K, 153 young (156672K), 9 survivors (9216K)
 Metaspace       used 26011K, capacity 26599K, committed 27008K, reserved 1073152K
  class space    used 2815K, capacity 3103K, committed 3200K, reserved 1048576K
}
Event: 5475.985 GC heap after
{Heap after GC invocations=7 (full 0):
 garbage-first heap   total 262144K, used 21566K [0x00000006c0000000, 0x00000007c0000000)
  region size 1024K, 12 young (12288K), 12 survivors (12288K)
 Metaspace       used 26011K, capacity 26599K, committed 27008K, reserved 1073152K
  class space    used 2815K, capacity 3103K, committed 3200K, reserved 1048576K
}
Event: 5628.623 GC heap before
{Heap before GC invocations=7 (full 0):
 garbage-first heap   total 262144K, used 165950K [0x00000006c0000000, 0x00000007c0000000)
  region size 1024K, 153 young (156672K), 12 survivors (12288K)
 Metaspace       used 26041K, capacity 26663K, committed 27008K, reserved 1073152K
  class space    used 2815K, capacity 3103K, committed 3200K, reserved 1048576K
}
Event: 5628.636 GC heap after
{Heap after GC invocations=8 (full 0):
 garbage-first heap   total 262144K, used 20554K [0x00000006c0000000, 0x00000007c0000000)
  region size 1024K, 7 young (7168K), 7 survivors (7168K)
 Metaspace       used 26041K, capacity 26663K, committed 27008K, reserved 1073152K
  class space    used 2815K, capacity 3103K, committed 3200K, reserved 1048576K
}
Event: 50487.770 GC heap before
{Heap before GC invocations=8 (full 0):
 garbage-first heap   total 262144K, used 248906K [0x00000006c0000000, 0x00000007c0000000)
  region size 1024K, 120 young (122880K), 7 survivors (7168K)
 Metaspace       used 26132K, capacity 26727K, committed 27008K, reserved 1073152K
  class space    used 2817K, capacity 3103K, committed 3200K, reserved 1048576K
}
Event: 50487.827 GC heap after
{Heap after GC invocations=9 (full 0):
 garbage-first heap   total 262144K, used 134064K [0x00000006c0000000, 0x00000007c0000000)
  region size 1024K, 7 young (7168K), 7 survivors (7168K)
 Metaspace       used 26132K, capacity 26727K, committed 27008K, reserved 1073152K
  class space    used 2817K, capacity 3103K, committed 3200K, reserved 1048576K
}
Event: 264027.393 GC heap before
{Heap before GC invocations=10 (full 0):
 garbage-first heap   total 262144K, used 135990K [0x00000006c0000000, 0x00000007c0000000)
  region size 1024K, 29 young (29696K), 7 survivors (7168K)
 Metaspace       used 25776K, capacity 26164K, committed 27264K, reserved 1073152K
  class space    used 2702K, capacity 2882K, committed 3200K, reserved 1048576K
}
Event: 264027.483 GC heap after
{Heap after GC invocations=11 (full 0):
 garbage-first heap   total 262144K, used 111957K [0x00000006c0000000, 0x00000007c0000000)
  region size 1024K, 4 young (4096K), 4 survivors (4096K)
 Metaspace       used 25776K, capacity 26164K, committed 27264K, reserved 1073152K
  class space    used 2702K, capacity 2882K, committed 3200K, reserved 1048576K
}
Event: 264027.682 GC heap before
{Heap before GC invocations=12 (full 0):
 garbage-first heap   total 262144K, used 115029K [0x00000006c0000000, 0x00000007c0000000)
  region size 1024K, 5 young (5120K), 4 survivors (4096K)
 Metaspace       used 25780K, capacity 26164K, committed 27264K, reserved 1073152K
  class space    used 2702K, capacity 2882K, committed 3200K, reserved 1048576K
}
Event: 264027.683 GC heap after
{Heap after GC invocations=13 (full 0):
 garbage-first heap   total 262144K, used 111376K [0x00000006c0000000, 0x00000007c0000000)
  region size 1024K, 1 young (1024K), 1 survivors (1024K)
 Metaspace       used 25780K, capacity 26164K, committed 27264K, reserved 1073152K
  class space    used 2702K, capacity 2882K, committed 3200K, reserved 1048576K
}

