# JRE version: OpenJDK Runtime Environment (10.0.2+13) (build 10.0.2+13)
# Java VM: OpenJDK 64-Bit Server VM (10.0.2+13, mixed mode, tiered, compressed oops, g1 gc, bsd-amd64)
Heap:
 garbage-first heap   total 262144K, used 33298K [0x00000006c0000000, 0x00000007c0000000)
  region size 1024K, 10 young (10240K), 8 survivors (8192K)
 Metaspace       used 26017K, capacity 26604K, committed 26880K, reserved 1073152K
  class space    used 2766K, capacity 3038K, committed 3072K, reserved 1048576K
GC Heap History (10 events):
Event: 2.723 GC heap before
{Heap before GC invocations=1 (full 0):
 garbage-first heap   total 262144K, used 8238K [0x00000006c0000000, 0x00000007c0000000)
  region size 1024K, 8 young (8192K), 3 survivors (3072K)
 Metaspace       used 20646K, capacity 21034K, committed 21296K, reserved 1069056K
  class space    used 2400K, capacity 2594K, committed 2688K, reserved 1048576K
}
Event: 2.728 GC heap after
{Heap after GC invocations=2 (full 0):
 garbage-first heap   total 262144K, used 6233K [0x00000006c0000000, 0x00000007c0000000)
  region size 1024K, 3 young (3072K), 3 survivors (3072K)
 Metaspace       used 20646K, capacity 21034K, committed 21296K, reserved 1069056K
  class space    used 2400K, capacity 2594K, committed 2688K, reserved 1048576K
}
Event: 144.385 GC heap before
{Heap before GC invocations=3 (full 0):
 garbage-first heap   total 262144K, used 44121K [0x00000006c0000000, 0x00000007c0000000)
  region size 1024K, 40 young (40960K), 3 survivors (3072K)
 Metaspace       used 24231K, capacity 24833K, committed 25088K, reserved 1071104K
  class space    used 2689K, capacity 2966K, committed 3072K, reserved 1048576K
}
Event: 144.391 GC heap after
{Heap after GC invocations=4 (full 0):
 garbage-first heap   total 262144K, used 15360K [0x00000006c0000000, 0x00000007c0000000)
  region size 1024K, 5 young (5120K), 5 survivors (5120K)
 Metaspace       used 24231K, capacity 24833K, committed 25088K, reserved 1071104K
  class space    used 2689K, capacity 2966K, committed 3072K, reserved 1048576K
}
Event: 3297.343 GC heap before
{Heap before GC invocations=4 (full 0):
 garbage-first heap   total 262144K, used 164864K [0x00000006c0000000, 0x00000007c0000000)
  region size 1024K, 151 young (154624K), 5 survivors (5120K)
 Metaspace       used 25256K, capacity 25791K, committed 26112K, reserved 1073152K
  class space    used 2740K, capacity 3005K, committed 3072K, reserved 1048576K
}
Event: 3297.352 GC heap after
{Heap after GC invocations=5 (full 0):
 garbage-first heap   total 262144K, used 21682K [0x00000006c0000000, 0x00000007c0000000)
  region size 1024K, 12 young (12288K), 12 survivors (12288K)
 Metaspace       used 25256K, capacity 25791K, committed 26112K, reserved 1073152K
  class space    used 2740K, capacity 3005K, committed 3072K, reserved 1048576K
}
Event: 7982.129 GC heap before
{Heap before GC invocations=5 (full 0):
 garbage-first heap   total 262144K, used 166066K [0x00000006c0000000, 0x00000007c0000000)
  region size 1024K, 153 young (156672K), 12 survivors (12288K)
 Metaspace       used 25553K, capacity 26150K, committed 26368K, reserved 1073152K
  class space    used 2756K, capacity 3037K, committed 3072K, reserved 1048576K
}
Event: 7982.153 GC heap after
{Heap after GC invocations=6 (full 0):
 garbage-first heap   total 262144K, used 22440K [0x00000006c0000000, 0x00000007c0000000)
  region size 1024K, 12 young (12288K), 12 survivors (12288K)
 Metaspace       used 25553K, capacity 26150K, committed 26368K, reserved 1073152K
  class space    used 2756K, capacity 3037K, committed 3072K, reserved 1048576K
}
Event: 22419.516 GC heap before
{Heap before GC invocations=6 (full 0):
 garbage-first heap   total 262144K, used 178088K [0x00000006c0000000, 0x00000007c0000000)
  region size 1024K, 153 young (156672K), 12 survivors (12288K)
 Metaspace       used 26012K, capacity 26604K, committed 26880K, reserved 1073152K
  class space    used 2765K, capacity 3038K, committed 3072K, reserved 1048576K
}
Event: 22419.549 GC heap after
{Heap after GC invocations=7 (full 0):
 garbage-first heap   total 262144K, used 32274K [0x00000006c0000000, 0x00000007c0000000)
  region size 1024K, 8 young (8192K), 8 survivors (8192K)
 Metaspace       used 26012K, capacity 26604K, committed 26880K, reserved 1073152K
  class space    used 2765K, capacity 3038K, committed 3072K, reserved 1048576K
}

